<?xml version="1.0" encoding="UTF-8" ?>
<testsuite tests="1" failures="0" name="coretest.BaseTest" time="3.444" errors="0" skipped="0">
  <properties>
    <property name="java.vendor" value="Eclipse OpenJ9"/>
    <property name="sun.java.launcher" value="SUN_STANDARD"/>
    <property name="os.name" value="Windows 10"/>
    <property name="sun.boot.class.path" value="C:\Program Files\AdoptOpenJDK\jdk-8.0.252.09-openj9\jre\bin\compressedrefs\jclSC180\vm.jar;C:\Program Files\AdoptOpenJDK\jdk-8.0.252.09-openj9\jre\lib\se-service.jar;C:\Program Files\AdoptOpenJDK\jdk-8.0.252.09-openj9\jre\lib\rt.jar;C:\Program Files\AdoptOpenJDK\jdk-8.0.252.09-openj9\jre\lib\resources.jar;C:\Program Files\AdoptOpenJDK\jdk-8.0.252.09-openj9\jre\lib\jsse.jar;C:\Program Files\AdoptOpenJDK\jdk-8.0.252.09-openj9\jre\lib\charsets.jar;C:\Program Files\AdoptOpenJDK\jdk-8.0.252.09-openj9\jre\lib\jce.jar"/>
    <property name="sun.desktop" value="windows"/>
    <property name="java.vm.specification.vendor" value="Oracle Corporation"/>
    <property name="java.runtime.version" value="1.8.0_252-b09"/>
    <property name="user.name" value="ajith"/>
    <property name="java.compiler" value="j9jit29"/>
    <property name="os.encoding" value="UTF8"/>
    <property name="guice.disable.misplaced.annotation.check" value="true"/>
    <property name="com.ibm.util.extralibs.properties" value=""/>
    <property name="com.ibm.jcl.checkClassPath" value=""/>
    <property name="user.language" value="en"/>
    <property name="com.ibm.oti.vm.bootstrap.library.path" value="C:\Program Files\AdoptOpenJDK\jdk-8.0.252.09-openj9\jre\bin\compressedrefs;C:\Program Files\AdoptOpenJDK\jdk-8.0.252.09-openj9\jre\bin"/>
    <property name="sun.boot.library.path" value="C:\Program Files\AdoptOpenJDK\jdk-8.0.252.09-openj9\jre\bin\compressedrefs;C:\Program Files\AdoptOpenJDK\jdk-8.0.252.09-openj9\jre\bin"/>
    <property name="classworlds.conf" value="C:\Users\ajith\Desktop\framework\.metadata\.plugins\org.eclipse.m2e.launching\launches\m2conf4596148927654909647.tmp"/>
    <property name="jdk.extensions.version" value="8.0.252.1"/>
    <property name="java.version" value="1.8.0_252"/>
    <property name="user.timezone" value="Asia/Calcutta"/>
    <property name="com.ibm.system.agent.path" value="C:\Program Files\AdoptOpenJDK\jdk-8.0.252.09-openj9\jre\bin"/>
    <property name="sun.arch.data.model" value="64"/>
    <property name="com.ibm.zero.version" value="2"/>
    <property name="java.endorsed.dirs" value="C:\Program Files\AdoptOpenJDK\jdk-8.0.252.09-openj9\jre\lib\endorsed"/>
    <property name="com.ibm.oti.vm.library.version" value="29"/>
    <property name="sun.jnu.encoding" value="Cp1252"/>
    <property name="file.encoding.pkg" value="sun.io"/>
    <property name="file.separator" value="\"/>
    <property name="java.specification.name" value="Java Platform API Specification"/>
    <property name="java.class.version" value="52.0"/>
    <property name="user.country" value="IN"/>
    <property name="java.home" value="C:\Program Files\AdoptOpenJDK\jdk-8.0.252.09-openj9\jre"/>
    <property name="java.vm.info" value="JRE 1.8.0 Windows 10 amd64-64-Bit Compressed References 20200422_667 (JIT enabled, AOT enabled)
OpenJ9   - 05fa2d361
OMR      - d4365f371
JCL      - 5e623848e9 based on jdk8u252-b09"/>
    <property name="os.version" value="10.0"/>
    <property name="java.awt.fonts" value=""/>
    <property name="path.separator" value=";"/>
    <property name="java.vm.version" value="openj9-0.20.0"/>
    <property name="user.variant" value=""/>
    <property name="java.awt.printerjob" value="sun.awt.windows.WPrinterJob"/>
    <property name="jdk.extensions.name" value="Extensions for OpenJDK for Eclipse OpenJ9"/>
    <property name="sun.io.unicode.encoding" value="UnicodeLittle"/>
    <property name="awt.toolkit" value="sun.awt.windows.WToolkit"/>
    <property name="ibm.signalhandling.sigint" value="true"/>
    <property name="user.home" value="C:\Users\ajith"/>
    <property name="com.ibm.cpu.endian" value="little"/>
    <property name="java.specification.vendor" value="Oracle Corporation"/>
    <property name="ibm.signalhandling.sigchain" value="true"/>
    <property name="java.library.path" value="C:\Program Files\AdoptOpenJDK\jdk-8.0.252.09-openj9\jre\bin\compressedrefs;C:\Program Files\AdoptOpenJDK\jdk-8.0.252.09-openj9\jre\bin;C:\WINDOWS\system32;C:\WINDOWS;C:/Program Files/AdoptOpenJDK/jdk-8.0.252.09-openj9/bin/../jre/bin/j9vm;C:/Program Files/AdoptOpenJDK/jdk-8.0.252.09-openj9/bin/../jre/bin;C:/Program Files/AdoptOpenJDK/jdk-8.0.252.09-openj9/bin/../jre/lib/amd64;C:\Program Files\AdoptOpenJDK\jdk-8.0.252.09-openj9\bin;C:\WINDOWS\system32;C:\WINDOWS;C:\WINDOWS\System32\Wbem;C:\WINDOWS\System32\WindowsPowerShell\v1.0\;C:\WINDOWS\System32\OpenSSH\;C:\Program Files\dotnet\;C:\Users\ajith\git\covid-vaccine-booking\src;C:\Users\ajith\Documents\Flutter\flutter\bin;C:\Program Files\Git\cmd;C:\Program Files\Git\mingw64\bin;C:\Program Files\Git\usr\bin;C:\ffmpeg\bin;;C:\Program Files\Docker\Docker\resources\bin;C:\Users\ajith\AppData\Local\Programs\Python\Python310-32\Scripts\;C:\Users\ajith\AppData\Local\Programs\Python\Python310-32\;C:\Users\ajith\AppData\Local\Microsoft\WindowsApps;C:\Users\ajith\.dotnet\tools;C:\Users\ajith\AppData\Local\atom\bin;C:\Users\ajith\AppData\Local\Programs\Microsoft VS Code\bin;C:\Program Files\JetBrains\PyCharm Community Edition 2020.2.3\bin;geckodriver;D:\android-studio-gradle\gradle-6.9.2\bin;C:\Users\ajith\AppData\Local\Android\Sdk\tools\bin;C:\adb;C:\Users\ajith\AppData\Local\Programs\Python\Python310-32\Scripts\;C:\Users\ajith\AppData\Local\Programs\Python\Python310-32\;C:\Program Files\AdoptOpenJDK\jdk-8.0.252.09-openj9\bin;C:\WINDOWS\system32;C:\WINDOWS;C:\WINDOWS\System32\Wbem;C:\WINDOWS\System32\WindowsPowerShell\v1.0\;C:\WINDOWS\System32\OpenSSH\;C:\Program Files\dotnet\;C:\Users\ajith\AppData\Local\Microsoft\WindowsApps;C:\Users\ajith\.dotnet\tools;C:\Users\ajith\AppData\Local\atom\bin;C:\Users\ajith\AppData\Local\Programs\Microsoft VS Code\bin;C:\Program Files\JetBrains\PyCharm Community Edition 2020.2.3\bin;geckodriver;D:\android-studio-gradle\gradle-6.9.2\bin;C:\Users\ajith\AppData\Local\Android\Sdk\tools\bin;;C:\Users\ajith\Desktop;;."/>
    <property name="java.vendor.url" value="http://www.eclipse.org/openj9"/>
    <property name="java.vm.vendor" value="Eclipse OpenJ9"/>
    <property name="java.fullversion" value="1.8.0_252-b09
JRE 1.8.0 Windows 10 amd64-64-Bit Compressed References 20200422_667 (JIT enabled, AOT enabled)
OpenJ9   - 05fa2d361
OMR      - d4365f371
JCL      - 5e623848e9 based on jdk8u252-b09"/>
    <property name="maven.home" value="C:\Users\ajith\Desktop\framework\framework\EMBEDDED"/>
    <property name="java.runtime.name" value="OpenJDK Runtime Environment"/>
    <property name="sun.java.command" value="org.codehaus.plexus.classworlds.launcher.Launcher -B test"/>
    <property name="java.class.path" value="C:\Users\ajith\.p2\pool\plugins\org.eclipse.m2e.maven.runtime_1.15.0.20200310-1832\jars\plexus-classworlds-2.6.0.jar"/>
    <property name="java.vm.specification.name" value="Java Virtual Machine Specification"/>
    <property name="java.vm.specification.version" value="1.8"/>
    <property name="sun.cpu.endian" value="little"/>
    <property name="java.io.tmpdir" value="C:\Users\ajith\AppData\Local\Temp\"/>
    <property name="maven.multiModuleProjectDirectory" value="C:\Users\ajith\Desktop\framework\framework"/>
    <property name="ibm.system.encoding" value="Cp1252"/>
    <property name="os.arch" value="amd64"/>
    <property name="java.awt.graphicsenv" value="sun.awt.Win32GraphicsEnvironment"/>
    <property name="ibm.signalhandling.rs" value="false"/>
    <property name="java.ext.dirs" value="C:\Program Files\AdoptOpenJDK\jdk-8.0.252.09-openj9\jre\lib\ext"/>
    <property name="user.dir" value="C:\Users\ajith\Desktop\framework\framework"/>
    <property name="line.separator" value="
"/>
    <property name="java.vm.name" value="Eclipse OpenJ9 VM"/>
    <property name="com.ibm.oti.shared.enabled" value="false"/>
    <property name="com.ibm.vm.bitmode" value="64"/>
    <property name="file.encoding" value="Cp1252"/>
    <property name="com.ibm.oti.configuration" value="scar"/>
    <property name="java.specification.version" value="1.8"/>
  </properties>
  <testcase classname="coretest.BaseTest" name="myTestMethod" time="3.444"/>
</testsuite>