<?xml version="1.0" encoding="UTF-8"?>
<!-- Generated by org.testng.reporters.JUnitReportReporter -->
<testsuite skipped="0" hostname="AJITH23" name="coretest.BaseTest" tests="1" failures="0" timestamp="2023-11-11T22:05:04 IST" time="15.048" errors="0">
  <testcase name="myTestMethod" time="15.048" classname="coretest.BaseTest"/>
  <system-out/>
</testsuite> <!-- coretest.BaseTest -->
